2025-07-07 08:16:24,005 - __main__ - INFO - Failed to extract from https://www.arztlena.com/: unreachable
2025-07-07 08:16:24,237 - __main__ - INFO - Failed to extract from https://de.caona.eu/: unreachable
2025-07-07 08:16:25,118 - __main__ - INFO - Failed to extract from https://www.gesund.de/app: unreachable
2025-07-07 08:16:26,437 - __main__ - WARNING - Error fetching https://curecurve.de/elina-app/: HTTP status 403
2025-07-07 08:16:26,966 - __main__ - WARNING - Error fetching https://www.deepmentation.ai/: HTTP status 403
2025-07-07 08:16:29,436 - __main__ - INFO - Failed to extract from https://denton-systems.de/: not_found
2025-07-07 08:16:29,936 - __main__ - WARNING - Error fetching https://www.cynteract.com/de/rehabilitation: HTTP status 404
2025-07-07 08:16:30,127 - __main__ - WARNING - Error fetching https://www.brainjo.de/: HTTP status 403
2025-07-07 08:16:30,620 - __main__ - WARNING - Error fetching https://curecurve.de/elina-app/: HTTP status 403
2025-07-07 08:16:31,142 - __main__ - WARNING - Error fetching https://www.deepmentation.ai/: HTTP status 403
2025-07-07 08:16:34,101 - __main__ - WARNING - Error fetching https://www.cynteract.com/de/rehabilitation: HTTP status 404
2025-07-07 08:16:34,320 - __main__ - WARNING - Error fetching https://www.brainjo.de/: HTTP status 403
2025-07-07 08:16:34,808 - __main__ - WARNING - Error fetching https://curecurve.de/elina-app/: HTTP status 403
2025-07-07 08:16:34,809 - __main__ - INFO - Failed to extract from https://curecurve.de/elina-app/: error
2025-07-07 08:16:35,319 - __main__ - WARNING - Error fetching https://www.deepmentation.ai/: HTTP status 403
2025-07-07 08:16:35,320 - __main__ - INFO - Failed to extract from https://www.deepmentation.ai/: error
2025-07-07 08:16:38,267 - __main__ - WARNING - Error fetching https://www.cynteract.com/de/rehabilitation: HTTP status 404
2025-07-07 08:16:38,267 - __main__ - INFO - Failed to extract from https://www.cynteract.com/de/rehabilitation: error
2025-07-07 08:16:38,507 - __main__ - WARNING - Error fetching https://www.brainjo.de/: HTTP status 403
2025-07-07 08:16:38,508 - __main__ - INFO - Failed to extract from https://www.brainjo.de/: error
2025-07-07 08:19:03,724 - company_extractor - INFO - Failed to extract from https://www.arztlena.com/: unreachable
2025-07-07 08:19:03,766 - company_extractor - INFO - Failed to extract from https://de.caona.eu/: unreachable
2025-07-07 08:19:04,783 - company_extractor - INFO - Failed to extract from https://www.gesund.de/app: unreachable
2025-07-07 08:19:06,264 - company_extractor - WARNING - Error fetching https://www.deepmentation.ai/: HTTP status 403
2025-07-07 08:19:06,587 - company_extractor - WARNING - Error fetching https://curecurve.de/elina-app/: HTTP status 403
2025-07-07 08:19:07,083 - company_extractor - WARNING - Error fetching https://www.brainjo.de/: HTTP status 403
2025-07-07 08:19:08,450 - company_extractor - WARNING - Error fetching https://www.cynteract.com/de/rehabilitation: HTTP status 404
2025-07-07 08:19:08,799 - company_extractor - INFO - Failed to extract from https://denton-systems.de/: not_found
2025-07-07 08:19:10,440 - company_extractor - WARNING - Error fetching https://www.deepmentation.ai/: HTTP status 403
2025-07-07 08:19:10,770 - company_extractor - WARNING - Error fetching https://curecurve.de/elina-app/: HTTP status 403
2025-07-07 08:19:11,290 - company_extractor - WARNING - Error fetching https://www.brainjo.de/: HTTP status 403
2025-07-07 08:19:12,614 - company_extractor - WARNING - Error fetching https://www.cynteract.com/de/rehabilitation: HTTP status 404
2025-07-07 08:19:14,617 - company_extractor - WARNING - Error fetching https://www.deepmentation.ai/: HTTP status 403
2025-07-07 08:19:14,618 - company_extractor - INFO - Failed to extract from https://www.deepmentation.ai/: error
2025-07-07 08:19:14,949 - company_extractor - WARNING - Error fetching https://curecurve.de/elina-app/: HTTP status 403
2025-07-07 08:19:14,950 - company_extractor - INFO - Failed to extract from https://curecurve.de/elina-app/: error
2025-07-07 08:19:15,483 - company_extractor - WARNING - Error fetching https://www.brainjo.de/: HTTP status 403
2025-07-07 08:19:15,484 - company_extractor - INFO - Failed to extract from https://www.brainjo.de/: error
2025-07-07 08:19:16,779 - company_extractor - WARNING - Error fetching https://www.cynteract.com/de/rehabilitation: HTTP status 404
2025-07-07 08:19:16,780 - company_extractor - INFO - Failed to extract from https://www.cynteract.com/de/rehabilitation: error
